<?xml version="1.0" encoding="UTF-8"?>
<testsuite xmlns:xsi="http://www.w3.org/2001/XMLSchema-instance" xsi:noNamespaceSchemaLocation="https://maven.apache.org/surefire/maven-surefire-plugin/xsd/surefire-test-report.xsd" name="com.example.loveapp.LoveappApplicationTests" time="6.289" tests="1" errors="0" skipped="0" failures="0">
  <properties>
    <property name="java.specification.version" value="16"/>
    <property name="sun.cpu.isalist" value="amd64"/>
    <property name="sun.jnu.encoding" value="GBK"/>
    <property name="java.class.path" value="D:\Javacode\springboot\loveapp\target\test-classes;D:\Javacode\springboot\loveapp\target\classes;D:\maven\apache-maven-3.8.7\mvn_resp\org\springframework\boot\spring-boot-starter-web\2.7.11\spring-boot-starter-web-2.7.11.jar;D:\maven\apache-maven-3.8.7\mvn_resp\org\springframework\boot\spring-boot-starter\2.7.11\spring-boot-starter-2.7.11.jar;D:\maven\apache-maven-3.8.7\mvn_resp\org\springframework\boot\spring-boot\2.7.11\spring-boot-2.7.11.jar;D:\maven\apache-maven-3.8.7\mvn_resp\org\springframework\boot\spring-boot-starter-logging\2.7.11\spring-boot-starter-logging-2.7.11.jar;D:\maven\apache-maven-3.8.7\mvn_resp\ch\qos\logback\logback-classic\1.2.12\logback-classic-1.2.12.jar;D:\maven\apache-maven-3.8.7\mvn_resp\ch\qos\logback\logback-core\1.2.12\logback-core-1.2.12.jar;D:\maven\apache-maven-3.8.7\mvn_resp\org\apache\logging\log4j\log4j-to-slf4j\2.17.2\log4j-to-slf4j-2.17.2.jar;D:\maven\apache-maven-3.8.7\mvn_resp\org\apache\logging\log4j\log4j-api\2.17.2\log4j-api-2.17.2.jar;D:\maven\apache-maven-3.8.7\mvn_resp\org\slf4j\jul-to-slf4j\1.7.36\jul-to-slf4j-1.7.36.jar;D:\maven\apache-maven-3.8.7\mvn_resp\jakarta\annotation\jakarta.annotation-api\1.3.5\jakarta.annotation-api-1.3.5.jar;D:\maven\apache-maven-3.8.7\mvn_resp\org\yaml\snakeyaml\1.30\snakeyaml-1.30.jar;D:\maven\apache-maven-3.8.7\mvn_resp\org\springframework\boot\spring-boot-starter-json\2.7.11\spring-boot-starter-json-2.7.11.jar;D:\maven\apache-maven-3.8.7\mvn_resp\com\fasterxml\jackson\core\jackson-databind\2.13.5\jackson-databind-2.13.5.jar;D:\maven\apache-maven-3.8.7\mvn_resp\com\fasterxml\jackson\core\jackson-annotations\2.13.5\jackson-annotations-2.13.5.jar;D:\maven\apache-maven-3.8.7\mvn_resp\com\fasterxml\jackson\core\jackson-core\2.13.5\jackson-core-2.13.5.jar;D:\maven\apache-maven-3.8.7\mvn_resp\com\fasterxml\jackson\datatype\jackson-datatype-jdk8\2.13.5\jackson-datatype-jdk8-2.13.5.jar;D:\maven\apache-maven-3.8.7\mvn_resp\com\fasterxml\jackson\datatype\jackson-datatype-jsr310\2.13.5\jackson-datatype-jsr310-2.13.5.jar;D:\maven\apache-maven-3.8.7\mvn_resp\com\fasterxml\jackson\module\jackson-module-parameter-names\2.13.5\jackson-module-parameter-names-2.13.5.jar;D:\maven\apache-maven-3.8.7\mvn_resp\org\springframework\boot\spring-boot-starter-tomcat\2.7.11\spring-boot-starter-tomcat-2.7.11.jar;D:\maven\apache-maven-3.8.7\mvn_resp\org\apache\tomcat\embed\tomcat-embed-core\9.0.74\tomcat-embed-core-9.0.74.jar;D:\maven\apache-maven-3.8.7\mvn_resp\org\apache\tomcat\embed\tomcat-embed-el\9.0.74\tomcat-embed-el-9.0.74.jar;D:\maven\apache-maven-3.8.7\mvn_resp\org\apache\tomcat\embed\tomcat-embed-websocket\9.0.74\tomcat-embed-websocket-9.0.74.jar;D:\maven\apache-maven-3.8.7\mvn_resp\org\springframework\spring-web\5.3.27\spring-web-5.3.27.jar;D:\maven\apache-maven-3.8.7\mvn_resp\org\springframework\spring-beans\5.3.27\spring-beans-5.3.27.jar;D:\maven\apache-maven-3.8.7\mvn_resp\org\springframework\spring-webmvc\5.3.27\spring-webmvc-5.3.27.jar;D:\maven\apache-maven-3.8.7\mvn_resp\org\springframework\spring-aop\5.3.27\spring-aop-5.3.27.jar;D:\maven\apache-maven-3.8.7\mvn_resp\org\springframework\spring-context\5.3.27\spring-context-5.3.27.jar;D:\maven\apache-maven-3.8.7\mvn_resp\org\springframework\spring-expression\5.3.27\spring-expression-5.3.27.jar;D:\maven\apache-maven-3.8.7\mvn_resp\com\baomidou\mybatis-plus-boot-starter\3.4.1\mybatis-plus-boot-starter-3.4.1.jar;D:\maven\apache-maven-3.8.7\mvn_resp\com\baomidou\mybatis-plus\3.4.1\mybatis-plus-3.4.1.jar;D:\maven\apache-maven-3.8.7\mvn_resp\org\springframework\boot\spring-boot-autoconfigure\2.7.11\spring-boot-autoconfigure-2.7.11.jar;D:\maven\apache-maven-3.8.7\mvn_resp\org\springframework\boot\spring-boot-starter-jdbc\2.7.11\spring-boot-starter-jdbc-2.7.11.jar;D:\maven\apache-maven-3.8.7\mvn_resp\com\zaxxer\HikariCP\4.0.3\HikariCP-4.0.3.jar;D:\maven\apache-maven-3.8.7\mvn_resp\org\springframework\spring-jdbc\5.3.27\spring-jdbc-5.3.27.jar;D:\maven\apache-maven-3.8.7\mvn_resp\org\springframework\spring-tx\5.3.27\spring-tx-5.3.27.jar;D:\maven\apache-maven-3.8.7\mvn_resp\com\mysql\mysql-connector-j\8.0.33\mysql-connector-j-8.0.33.jar;D:\maven\apache-maven-3.8.7\mvn_resp\org\springframework\boot\spring-boot-starter-test\2.7.11\spring-boot-starter-test-2.7.11.jar;D:\maven\apache-maven-3.8.7\mvn_resp\org\springframework\boot\spring-boot-test\2.7.11\spring-boot-test-2.7.11.jar;D:\maven\apache-maven-3.8.7\mvn_resp\org\springframework\boot\spring-boot-test-autoconfigure\2.7.11\spring-boot-test-autoconfigure-2.7.11.jar;D:\maven\apache-maven-3.8.7\mvn_resp\com\jayway\jsonpath\json-path\2.7.0\json-path-2.7.0.jar;D:\maven\apache-maven-3.8.7\mvn_resp\net\minidev\json-smart\2.4.10\json-smart-2.4.10.jar;D:\maven\apache-maven-3.8.7\mvn_resp\net\minidev\accessors-smart\2.4.9\accessors-smart-2.4.9.jar;D:\maven\apache-maven-3.8.7\mvn_resp\org\ow2\asm\asm\9.3\asm-9.3.jar;D:\maven\apache-maven-3.8.7\mvn_resp\jakarta\xml\bind\jakarta.xml.bind-api\2.3.3\jakarta.xml.bind-api-2.3.3.jar;D:\maven\apache-maven-3.8.7\mvn_resp\jakarta\activation\jakarta.activation-api\1.2.2\jakarta.activation-api-1.2.2.jar;D:\maven\apache-maven-3.8.7\mvn_resp\org\assertj\assertj-core\3.22.0\assertj-core-3.22.0.jar;D:\maven\apache-maven-3.8.7\mvn_resp\org\hamcrest\hamcrest\2.2\hamcrest-2.2.jar;D:\maven\apache-maven-3.8.7\mvn_resp\org\junit\jupiter\junit-jupiter\5.8.2\junit-jupiter-5.8.2.jar;D:\maven\apache-maven-3.8.7\mvn_resp\org\junit\jupiter\junit-jupiter-api\5.8.2\junit-jupiter-api-5.8.2.jar;D:\maven\apache-maven-3.8.7\mvn_resp\org\opentest4j\opentest4j\1.2.0\opentest4j-1.2.0.jar;D:\maven\apache-maven-3.8.7\mvn_resp\org\junit\platform\junit-platform-commons\1.8.2\junit-platform-commons-1.8.2.jar;D:\maven\apache-maven-3.8.7\mvn_resp\org\apiguardian\apiguardian-api\1.1.2\apiguardian-api-1.1.2.jar;D:\maven\apache-maven-3.8.7\mvn_resp\org\junit\jupiter\junit-jupiter-params\5.8.2\junit-jupiter-params-5.8.2.jar;D:\maven\apache-maven-3.8.7\mvn_resp\org\junit\jupiter\junit-jupiter-engine\5.8.2\junit-jupiter-engine-5.8.2.jar;D:\maven\apache-maven-3.8.7\mvn_resp\org\junit\platform\junit-platform-engine\1.8.2\junit-platform-engine-1.8.2.jar;D:\maven\apache-maven-3.8.7\mvn_resp\org\mockito\mockito-core\4.5.1\mockito-core-4.5.1.jar;D:\maven\apache-maven-3.8.7\mvn_resp\net\bytebuddy\byte-buddy\1.12.23\byte-buddy-1.12.23.jar;D:\maven\apache-maven-3.8.7\mvn_resp\net\bytebuddy\byte-buddy-agent\1.12.23\byte-buddy-agent-1.12.23.jar;D:\maven\apache-maven-3.8.7\mvn_resp\org\objenesis\objenesis\3.2\objenesis-3.2.jar;D:\maven\apache-maven-3.8.7\mvn_resp\org\mockito\mockito-junit-jupiter\4.5.1\mockito-junit-jupiter-4.5.1.jar;D:\maven\apache-maven-3.8.7\mvn_resp\org\skyscreamer\jsonassert\1.5.1\jsonassert-1.5.1.jar;D:\maven\apache-maven-3.8.7\mvn_resp\com\vaadin\external\google\android-json\0.0.20131108.vaadin1\android-json-0.0.20131108.vaadin1.jar;D:\maven\apache-maven-3.8.7\mvn_resp\org\springframework\spring-core\5.3.27\spring-core-5.3.27.jar;D:\maven\apache-maven-3.8.7\mvn_resp\org\springframework\spring-jcl\5.3.27\spring-jcl-5.3.27.jar;D:\maven\apache-maven-3.8.7\mvn_resp\org\springframework\spring-test\5.3.27\spring-test-5.3.27.jar;D:\maven\apache-maven-3.8.7\mvn_resp\org\xmlunit\xmlunit-core\2.9.1\xmlunit-core-2.9.1.jar;D:\maven\apache-maven-3.8.7\mvn_resp\com\alibaba\druid\1.1.16\druid-1.1.16.jar;D:\maven\apache-maven-3.8.7\mvn_resp\org\projectlombok\lombok\1.18.26\lombok-1.18.26.jar;D:\maven\apache-maven-3.8.7\mvn_resp\com\baomidou\mybatis-plus-generator\3.4.1\mybatis-plus-generator-3.4.1.jar;D:\maven\apache-maven-3.8.7\mvn_resp\com\baomidou\mybatis-plus-extension\3.4.1\mybatis-plus-extension-3.4.1.jar;D:\maven\apache-maven-3.8.7\mvn_resp\com\baomidou\mybatis-plus-core\3.4.1\mybatis-plus-core-3.4.1.jar;D:\maven\apache-maven-3.8.7\mvn_resp\com\baomidou\mybatis-plus-annotation\3.4.1\mybatis-plus-annotation-3.4.1.jar;D:\maven\apache-maven-3.8.7\mvn_resp\com\github\jsqlparser\jsqlparser\3.2\jsqlparser-3.2.jar;D:\maven\apache-maven-3.8.7\mvn_resp\org\mybatis\mybatis\3.5.6\mybatis-3.5.6.jar;D:\maven\apache-maven-3.8.7\mvn_resp\org\mybatis\mybatis-spring\2.0.5\mybatis-spring-2.0.5.jar;D:\maven\apache-maven-3.8.7\mvn_resp\org\apache\velocity\velocity-engine-core\2.3\velocity-engine-core-2.3.jar;D:\maven\apache-maven-3.8.7\mvn_resp\org\apache\commons\commons-lang3\3.12.0\commons-lang3-3.12.0.jar;D:\maven\apache-maven-3.8.7\mvn_resp\org\slf4j\slf4j-api\1.7.36\slf4j-api-1.7.36.jar;"/>
    <property name="java.vm.vendor" value="Oracle Corporation"/>
    <property name="sun.arch.data.model" value="64"/>
    <property name="user.variant" value=""/>
    <property name="java.vendor.url" value="https://java.oracle.com/"/>
    <property name="user.timezone" value="Asia/Shanghai"/>
    <property name="os.name" value="Windows 10"/>
    <property name="java.vm.specification.version" value="16"/>
    <property name="sun.java.launcher" value="SUN_STANDARD"/>
    <property name="user.country" value="CN"/>
    <property name="sun.boot.library.path" value="D:\Java\bin"/>
    <property name="sun.java.command" value="C:\Users\禹禹6\AppData\Local\Temp\surefire15477044817627769902\surefirebooter6966528712814190135.jar C:\Users\禹禹6\AppData\Local\Temp\surefire15477044817627769902 2023-05-03T13-05-46_280-jvmRun1 surefire6179044524797167124tmp surefire_07562323394530954618tmp"/>
    <property name="jdk.debug" value="release"/>
    <property name="surefire.test.class.path" value="D:\Javacode\springboot\loveapp\target\test-classes;D:\Javacode\springboot\loveapp\target\classes;D:\maven\apache-maven-3.8.7\mvn_resp\org\springframework\boot\spring-boot-starter-web\2.7.11\spring-boot-starter-web-2.7.11.jar;D:\maven\apache-maven-3.8.7\mvn_resp\org\springframework\boot\spring-boot-starter\2.7.11\spring-boot-starter-2.7.11.jar;D:\maven\apache-maven-3.8.7\mvn_resp\org\springframework\boot\spring-boot\2.7.11\spring-boot-2.7.11.jar;D:\maven\apache-maven-3.8.7\mvn_resp\org\springframework\boot\spring-boot-starter-logging\2.7.11\spring-boot-starter-logging-2.7.11.jar;D:\maven\apache-maven-3.8.7\mvn_resp\ch\qos\logback\logback-classic\1.2.12\logback-classic-1.2.12.jar;D:\maven\apache-maven-3.8.7\mvn_resp\ch\qos\logback\logback-core\1.2.12\logback-core-1.2.12.jar;D:\maven\apache-maven-3.8.7\mvn_resp\org\apache\logging\log4j\log4j-to-slf4j\2.17.2\log4j-to-slf4j-2.17.2.jar;D:\maven\apache-maven-3.8.7\mvn_resp\org\apache\logging\log4j\log4j-api\2.17.2\log4j-api-2.17.2.jar;D:\maven\apache-maven-3.8.7\mvn_resp\org\slf4j\jul-to-slf4j\1.7.36\jul-to-slf4j-1.7.36.jar;D:\maven\apache-maven-3.8.7\mvn_resp\jakarta\annotation\jakarta.annotation-api\1.3.5\jakarta.annotation-api-1.3.5.jar;D:\maven\apache-maven-3.8.7\mvn_resp\org\yaml\snakeyaml\1.30\snakeyaml-1.30.jar;D:\maven\apache-maven-3.8.7\mvn_resp\org\springframework\boot\spring-boot-starter-json\2.7.11\spring-boot-starter-json-2.7.11.jar;D:\maven\apache-maven-3.8.7\mvn_resp\com\fasterxml\jackson\core\jackson-databind\2.13.5\jackson-databind-2.13.5.jar;D:\maven\apache-maven-3.8.7\mvn_resp\com\fasterxml\jackson\core\jackson-annotations\2.13.5\jackson-annotations-2.13.5.jar;D:\maven\apache-maven-3.8.7\mvn_resp\com\fasterxml\jackson\core\jackson-core\2.13.5\jackson-core-2.13.5.jar;D:\maven\apache-maven-3.8.7\mvn_resp\com\fasterxml\jackson\datatype\jackson-datatype-jdk8\2.13.5\jackson-datatype-jdk8-2.13.5.jar;D:\maven\apache-maven-3.8.7\mvn_resp\com\fasterxml\jackson\datatype\jackson-datatype-jsr310\2.13.5\jackson-datatype-jsr310-2.13.5.jar;D:\maven\apache-maven-3.8.7\mvn_resp\com\fasterxml\jackson\module\jackson-module-parameter-names\2.13.5\jackson-module-parameter-names-2.13.5.jar;D:\maven\apache-maven-3.8.7\mvn_resp\org\springframework\boot\spring-boot-starter-tomcat\2.7.11\spring-boot-starter-tomcat-2.7.11.jar;D:\maven\apache-maven-3.8.7\mvn_resp\org\apache\tomcat\embed\tomcat-embed-core\9.0.74\tomcat-embed-core-9.0.74.jar;D:\maven\apache-maven-3.8.7\mvn_resp\org\apache\tomcat\embed\tomcat-embed-el\9.0.74\tomcat-embed-el-9.0.74.jar;D:\maven\apache-maven-3.8.7\mvn_resp\org\apache\tomcat\embed\tomcat-embed-websocket\9.0.74\tomcat-embed-websocket-9.0.74.jar;D:\maven\apache-maven-3.8.7\mvn_resp\org\springframework\spring-web\5.3.27\spring-web-5.3.27.jar;D:\maven\apache-maven-3.8.7\mvn_resp\org\springframework\spring-beans\5.3.27\spring-beans-5.3.27.jar;D:\maven\apache-maven-3.8.7\mvn_resp\org\springframework\spring-webmvc\5.3.27\spring-webmvc-5.3.27.jar;D:\maven\apache-maven-3.8.7\mvn_resp\org\springframework\spring-aop\5.3.27\spring-aop-5.3.27.jar;D:\maven\apache-maven-3.8.7\mvn_resp\org\springframework\spring-context\5.3.27\spring-context-5.3.27.jar;D:\maven\apache-maven-3.8.7\mvn_resp\org\springframework\spring-expression\5.3.27\spring-expression-5.3.27.jar;D:\maven\apache-maven-3.8.7\mvn_resp\com\baomidou\mybatis-plus-boot-starter\3.4.1\mybatis-plus-boot-starter-3.4.1.jar;D:\maven\apache-maven-3.8.7\mvn_resp\com\baomidou\mybatis-plus\3.4.1\mybatis-plus-3.4.1.jar;D:\maven\apache-maven-3.8.7\mvn_resp\org\springframework\boot\spring-boot-autoconfigure\2.7.11\spring-boot-autoconfigure-2.7.11.jar;D:\maven\apache-maven-3.8.7\mvn_resp\org\springframework\boot\spring-boot-starter-jdbc\2.7.11\spring-boot-starter-jdbc-2.7.11.jar;D:\maven\apache-maven-3.8.7\mvn_resp\com\zaxxer\HikariCP\4.0.3\HikariCP-4.0.3.jar;D:\maven\apache-maven-3.8.7\mvn_resp\org\springframework\spring-jdbc\5.3.27\spring-jdbc-5.3.27.jar;D:\maven\apache-maven-3.8.7\mvn_resp\org\springframework\spring-tx\5.3.27\spring-tx-5.3.27.jar;D:\maven\apache-maven-3.8.7\mvn_resp\com\mysql\mysql-connector-j\8.0.33\mysql-connector-j-8.0.33.jar;D:\maven\apache-maven-3.8.7\mvn_resp\org\springframework\boot\spring-boot-starter-test\2.7.11\spring-boot-starter-test-2.7.11.jar;D:\maven\apache-maven-3.8.7\mvn_resp\org\springframework\boot\spring-boot-test\2.7.11\spring-boot-test-2.7.11.jar;D:\maven\apache-maven-3.8.7\mvn_resp\org\springframework\boot\spring-boot-test-autoconfigure\2.7.11\spring-boot-test-autoconfigure-2.7.11.jar;D:\maven\apache-maven-3.8.7\mvn_resp\com\jayway\jsonpath\json-path\2.7.0\json-path-2.7.0.jar;D:\maven\apache-maven-3.8.7\mvn_resp\net\minidev\json-smart\2.4.10\json-smart-2.4.10.jar;D:\maven\apache-maven-3.8.7\mvn_resp\net\minidev\accessors-smart\2.4.9\accessors-smart-2.4.9.jar;D:\maven\apache-maven-3.8.7\mvn_resp\org\ow2\asm\asm\9.3\asm-9.3.jar;D:\maven\apache-maven-3.8.7\mvn_resp\jakarta\xml\bind\jakarta.xml.bind-api\2.3.3\jakarta.xml.bind-api-2.3.3.jar;D:\maven\apache-maven-3.8.7\mvn_resp\jakarta\activation\jakarta.activation-api\1.2.2\jakarta.activation-api-1.2.2.jar;D:\maven\apache-maven-3.8.7\mvn_resp\org\assertj\assertj-core\3.22.0\assertj-core-3.22.0.jar;D:\maven\apache-maven-3.8.7\mvn_resp\org\hamcrest\hamcrest\2.2\hamcrest-2.2.jar;D:\maven\apache-maven-3.8.7\mvn_resp\org\junit\jupiter\junit-jupiter\5.8.2\junit-jupiter-5.8.2.jar;D:\maven\apache-maven-3.8.7\mvn_resp\org\junit\jupiter\junit-jupiter-api\5.8.2\junit-jupiter-api-5.8.2.jar;D:\maven\apache-maven-3.8.7\mvn_resp\org\opentest4j\opentest4j\1.2.0\opentest4j-1.2.0.jar;D:\maven\apache-maven-3.8.7\mvn_resp\org\junit\platform\junit-platform-commons\1.8.2\junit-platform-commons-1.8.2.jar;D:\maven\apache-maven-3.8.7\mvn_resp\org\apiguardian\apiguardian-api\1.1.2\apiguardian-api-1.1.2.jar;D:\maven\apache-maven-3.8.7\mvn_resp\org\junit\jupiter\junit-jupiter-params\5.8.2\junit-jupiter-params-5.8.2.jar;D:\maven\apache-maven-3.8.7\mvn_resp\org\junit\jupiter\junit-jupiter-engine\5.8.2\junit-jupiter-engine-5.8.2.jar;D:\maven\apache-maven-3.8.7\mvn_resp\org\junit\platform\junit-platform-engine\1.8.2\junit-platform-engine-1.8.2.jar;D:\maven\apache-maven-3.8.7\mvn_resp\org\mockito\mockito-core\4.5.1\mockito-core-4.5.1.jar;D:\maven\apache-maven-3.8.7\mvn_resp\net\bytebuddy\byte-buddy\1.12.23\byte-buddy-1.12.23.jar;D:\maven\apache-maven-3.8.7\mvn_resp\net\bytebuddy\byte-buddy-agent\1.12.23\byte-buddy-agent-1.12.23.jar;D:\maven\apache-maven-3.8.7\mvn_resp\org\objenesis\objenesis\3.2\objenesis-3.2.jar;D:\maven\apache-maven-3.8.7\mvn_resp\org\mockito\mockito-junit-jupiter\4.5.1\mockito-junit-jupiter-4.5.1.jar;D:\maven\apache-maven-3.8.7\mvn_resp\org\skyscreamer\jsonassert\1.5.1\jsonassert-1.5.1.jar;D:\maven\apache-maven-3.8.7\mvn_resp\com\vaadin\external\google\android-json\0.0.20131108.vaadin1\android-json-0.0.20131108.vaadin1.jar;D:\maven\apache-maven-3.8.7\mvn_resp\org\springframework\spring-core\5.3.27\spring-core-5.3.27.jar;D:\maven\apache-maven-3.8.7\mvn_resp\org\springframework\spring-jcl\5.3.27\spring-jcl-5.3.27.jar;D:\maven\apache-maven-3.8.7\mvn_resp\org\springframework\spring-test\5.3.27\spring-test-5.3.27.jar;D:\maven\apache-maven-3.8.7\mvn_resp\org\xmlunit\xmlunit-core\2.9.1\xmlunit-core-2.9.1.jar;D:\maven\apache-maven-3.8.7\mvn_resp\com\alibaba\druid\1.1.16\druid-1.1.16.jar;D:\maven\apache-maven-3.8.7\mvn_resp\org\projectlombok\lombok\1.18.26\lombok-1.18.26.jar;D:\maven\apache-maven-3.8.7\mvn_resp\com\baomidou\mybatis-plus-generator\3.4.1\mybatis-plus-generator-3.4.1.jar;D:\maven\apache-maven-3.8.7\mvn_resp\com\baomidou\mybatis-plus-extension\3.4.1\mybatis-plus-extension-3.4.1.jar;D:\maven\apache-maven-3.8.7\mvn_resp\com\baomidou\mybatis-plus-core\3.4.1\mybatis-plus-core-3.4.1.jar;D:\maven\apache-maven-3.8.7\mvn_resp\com\baomidou\mybatis-plus-annotation\3.4.1\mybatis-plus-annotation-3.4.1.jar;D:\maven\apache-maven-3.8.7\mvn_resp\com\github\jsqlparser\jsqlparser\3.2\jsqlparser-3.2.jar;D:\maven\apache-maven-3.8.7\mvn_resp\org\mybatis\mybatis\3.5.6\mybatis-3.5.6.jar;D:\maven\apache-maven-3.8.7\mvn_resp\org\mybatis\mybatis-spring\2.0.5\mybatis-spring-2.0.5.jar;D:\maven\apache-maven-3.8.7\mvn_resp\org\apache\velocity\velocity-engine-core\2.3\velocity-engine-core-2.3.jar;D:\maven\apache-maven-3.8.7\mvn_resp\org\apache\commons\commons-lang3\3.12.0\commons-lang3-3.12.0.jar;D:\maven\apache-maven-3.8.7\mvn_resp\org\slf4j\slf4j-api\1.7.36\slf4j-api-1.7.36.jar;"/>
    <property name="sun.cpu.endian" value="little"/>
    <property name="user.home" value="C:\Users\禹禹6"/>
    <property name="user.language" value="zh"/>
    <property name="java.specification.vendor" value="Oracle Corporation"/>
    <property name="java.version.date" value="2021-04-20"/>
    <property name="java.home" value="D:\Java"/>
    <property name="file.separator" value="\"/>
    <property name="basedir" value="D:\Javacode\springboot\loveapp"/>
    <property name="java.vm.compressedOopsMode" value="Zero based"/>
    <property name="line.separator" value="&#10;"/>
    <property name="java.vm.specification.vendor" value="Oracle Corporation"/>
    <property name="java.specification.name" value="Java Platform API Specification"/>
    <property name="surefire.real.class.path" value="C:\Users\禹禹6\AppData\Local\Temp\surefire15477044817627769902\surefirebooter6966528712814190135.jar"/>
    <property name="user.script" value=""/>
    <property name="sun.management.compiler" value="HotSpot 64-Bit Tiered Compilers"/>
    <property name="java.runtime.version" value="16.0.1+9-24"/>
    <property name="user.name" value="禹禹6"/>
    <property name="path.separator" value=";"/>
    <property name="os.version" value="10.0"/>
    <property name="java.runtime.name" value="Java(TM) SE Runtime Environment"/>
    <property name="file.encoding" value="GBK"/>
    <property name="java.vm.name" value="Java HotSpot(TM) 64-Bit Server VM"/>
    <property name="localRepository" value="D:\maven\apache-maven-3.8.7\mvn_resp"/>
    <property name="java.vendor.url.bug" value="https://bugreport.java.com/bugreport/"/>
    <property name="java.io.tmpdir" value="C:\Users\禹禹6\AppData\Local\Temp\"/>
    <property name="idea.version" value="2022.1.3"/>
    <property name="java.version" value="16.0.1"/>
    <property name="user.dir" value="D:\Javacode\springboot\loveapp"/>
    <property name="os.arch" value="amd64"/>
    <property name="java.vm.specification.name" value="Java Virtual Machine Specification"/>
    <property name="sun.os.patch.level" value=""/>
    <property name="java.library.path" value="D:\Java\bin;C:\WINDOWS\Sun\Java\bin;C:\WINDOWS\system32;C:\WINDOWS;C:\Program Files\Microsoft MPI\Bin\;C:\Program Files\Common Files\Oracle\Java\javapath;D:\VM\bin\;C:\WINDOWS\system32;C:\WINDOWS;D:\opencv总\opencv\build\x64\vc15\bin;;SystemRoot%\System32\Wbem;C:\WINDOWS\System32\WindowsPowerShell\v1.0\;C:\WINDOWS\System32\OpenSSH\;D:\PyCharm;&quot;D:\java\bin;D:\java\jre\bin&quot;;C:\Program Files\Microsoft SQL Server\Client SDK\ODBC\170\Tools\Binn\;D:\SQL\150\Tools\Binn\;C:\Program Files\Microsoft SQL Server\150\Tools\Binn\;C:\Program Files\Microsoft SQL Server\150\DTS\Binn\;D:\SQL\150\DTS\Binn\;D:\maven\apache-maven-3.8.7\bin;D:\tools\Matlab2018a\runtime\win64;D:\tools\Matlab2018a\bin;D:\Program Files\Git\cmd;D:\Program Files\nodejs\;D:\embeded\;C:\Users\禹禹6\AppData\Local\Programs\Python\Python36\Scripts\;C:\Users\禹禹6\AppData\Local\Programs\Python\Python36\;C:\Users\禹禹6\AppData\Local\Microsoft\WindowsApps;D:\java\bin;D:\java\jre\bin;;D:\Program Files\VScode\Microsoft VS Code\bin;C:\Users\禹禹6\AppData\Roaming\npm;."/>
    <property name="java.vm.info" value="mixed mode, sharing"/>
    <property name="java.vendor" value="Oracle Corporation"/>
    <property name="java.vm.version" value="16.0.1+9-24"/>
    <property name="sun.io.unicode.encoding" value="UnicodeLittle"/>
    <property name="java.class.version" value="60.0"/>
  </properties>
  <testcase name="contextLoads" classname="com.example.loveapp.LoveappApplicationTests" time="1.508"/>
</testsuite>